2020-12-21 16:56:17  - [ DEBUG ]  org.apache.http.impl.conn.BasicClientConnectionManager.getConnection(BasicClientConnectionManager.java:161) org.apache.http.impl.conn.BasicClientConnectionManager main - Get connection for route {s}->https://qyapi.weixin.qq.com:443 
2020-12-21 16:56:17  - [ DEBUG ]  org.apache.http.impl.conn.DefaultClientConnectionOperator.openConnection(DefaultClientConnectionOperator.java:177) org.apache.http.impl.conn.DefaultClientConnectionOperator main - Connecting to qyapi.weixin.qq.com:443 
2020-12-21 16:56:17  - [ DEBUG ]  org.apache.http.client.protocol.RequestAddCookies.process(RequestAddCookies.java:123) org.apache.http.client.protocol.RequestAddCookies main - CookieSpec selected: ignoreCookies 
2020-12-21 16:56:17  - [ DEBUG ]  org.apache.http.client.protocol.RequestAuthCache.process(RequestAuthCache.java:77) org.apache.http.client.protocol.RequestAuthCache main - Auth cache not set in the context 
2020-12-21 16:56:17  - [ DEBUG ]  org.apache.http.client.protocol.RequestTargetAuthentication.process(RequestTargetAuthentication.java:80) org.apache.http.client.protocol.RequestTargetAuthentication main - Target auth state: UNCHALLENGED 
2020-12-21 16:56:17  - [ DEBUG ]  org.apache.http.client.protocol.RequestProxyAuthentication.process(RequestProxyAuthentication.java:89) org.apache.http.client.protocol.RequestProxyAuthentication main - Proxy auth state: UNCHALLENGED 
2020-12-21 16:56:17  - [ DEBUG ]  org.apache.http.impl.client.DefaultRequestDirector.tryExecute(DefaultRequestDirector.java:682) org.apache.http.impl.client.DefaultHttpClient main - Attempt 1 to execute request 
2020-12-21 16:56:17  - [ DEBUG ]  org.apache.http.impl.conn.DefaultClientConnection.sendRequestHeader(DefaultClientConnection.java:274) org.apache.http.impl.conn.DefaultClientConnection main - Sending request: GET /cgi-bin/gettoken?corpid=wwc0d2037957675e5c&corpsecret=wmdXrWkyzXbTVSloLsyKXpw9GQ_-HPizM0xLudxgAjM HTTP/1.1 
2020-12-21 16:56:17  - [ DEBUG ]  org.apache.http.impl.conn.Wire.wire(Wire.java:73) org.apache.http.wire main -  >> "GET /cgi-bin/gettoken?corpid=wwc0d2037957675e5c&corpsecret=wmdXrWkyzXbTVSloLsyKXpw9GQ_-HPizM0xLudxgAjM HTTP/1.1[\r][\n]" 
2020-12-21 16:56:17  - [ DEBUG ]  org.apache.http.impl.conn.Wire.wire(Wire.java:73) org.apache.http.wire main -  >> "Accept: */*[\r][\n]" 
2020-12-21 16:56:17  - [ DEBUG ]  org.apache.http.impl.conn.Wire.wire(Wire.java:73) org.apache.http.wire main -  >> "Host: qyapi.weixin.qq.com[\r][\n]" 
2020-12-21 16:56:17  - [ DEBUG ]  org.apache.http.impl.conn.Wire.wire(Wire.java:73) org.apache.http.wire main -  >> "Connection: Keep-Alive[\r][\n]" 
2020-12-21 16:56:17  - [ DEBUG ]  org.apache.http.impl.conn.Wire.wire(Wire.java:73) org.apache.http.wire main -  >> "User-Agent: Apache-HttpClient/4.5.3 (Java/1.8.0_231)[\r][\n]" 
2020-12-21 16:56:17  - [ DEBUG ]  org.apache.http.impl.conn.Wire.wire(Wire.java:73) org.apache.http.wire main -  >> "Accept-Encoding: gzip,deflate[\r][\n]" 
2020-12-21 16:56:17  - [ DEBUG ]  org.apache.http.impl.conn.Wire.wire(Wire.java:73) org.apache.http.wire main -  >> "[\r][\n]" 
2020-12-21 16:56:17  - [ DEBUG ]  org.apache.http.impl.conn.DefaultClientConnection.sendRequestHeader(DefaultClientConnection.java:278) org.apache.http.headers main - >> GET /cgi-bin/gettoken?corpid=wwc0d2037957675e5c&corpsecret=wmdXrWkyzXbTVSloLsyKXpw9GQ_-HPizM0xLudxgAjM HTTP/1.1 
2020-12-21 16:56:17  - [ DEBUG ]  org.apache.http.impl.conn.DefaultClientConnection.sendRequestHeader(DefaultClientConnection.java:281) org.apache.http.headers main - >> Accept: */* 
2020-12-21 16:56:17  - [ DEBUG ]  org.apache.http.impl.conn.DefaultClientConnection.sendRequestHeader(DefaultClientConnection.java:281) org.apache.http.headers main - >> Host: qyapi.weixin.qq.com 
2020-12-21 16:56:17  - [ DEBUG ]  org.apache.http.impl.conn.DefaultClientConnection.sendRequestHeader(DefaultClientConnection.java:281) org.apache.http.headers main - >> Connection: Keep-Alive 
2020-12-21 16:56:17  - [ DEBUG ]  org.apache.http.impl.conn.DefaultClientConnection.sendRequestHeader(DefaultClientConnection.java:281) org.apache.http.headers main - >> User-Agent: Apache-HttpClient/4.5.3 (Java/1.8.0_231) 
2020-12-21 16:56:17  - [ DEBUG ]  org.apache.http.impl.conn.DefaultClientConnection.sendRequestHeader(DefaultClientConnection.java:281) org.apache.http.headers main - >> Accept-Encoding: gzip,deflate 
2020-12-21 16:56:17  - [ DEBUG ]  org.apache.http.impl.conn.Wire.wire(Wire.java:73) org.apache.http.wire main -  << "HTTP/1.1 200 OK[\r][\n]" 
2020-12-21 16:56:17  - [ DEBUG ]  org.apache.http.impl.conn.Wire.wire(Wire.java:73) org.apache.http.wire main -  << "Server: nginx[\r][\n]" 
2020-12-21 16:56:17  - [ DEBUG ]  org.apache.http.impl.conn.Wire.wire(Wire.java:73) org.apache.http.wire main -  << "Date: Mon, 21 Dec 2020 08:56:17 GMT[\r][\n]" 
2020-12-21 16:56:17  - [ DEBUG ]  org.apache.http.impl.conn.Wire.wire(Wire.java:73) org.apache.http.wire main -  << "Content-Type: application/json; charset=UTF-8[\r][\n]" 
2020-12-21 16:56:17  - [ DEBUG ]  org.apache.http.impl.conn.Wire.wire(Wire.java:73) org.apache.http.wire main -  << "Content-Length: 277[\r][\n]" 
2020-12-21 16:56:17  - [ DEBUG ]  org.apache.http.impl.conn.Wire.wire(Wire.java:73) org.apache.http.wire main -  << "Connection: keep-alive[\r][\n]" 
2020-12-21 16:56:17  - [ DEBUG ]  org.apache.http.impl.conn.Wire.wire(Wire.java:73) org.apache.http.wire main -  << "Error-Code: 0[\r][\n]" 
2020-12-21 16:56:17  - [ DEBUG ]  org.apache.http.impl.conn.Wire.wire(Wire.java:73) org.apache.http.wire main -  << "Error-Msg: ok[\r][\n]" 
2020-12-21 16:56:17  - [ DEBUG ]  org.apache.http.impl.conn.Wire.wire(Wire.java:73) org.apache.http.wire main -  << "[\r][\n]" 
2020-12-21 16:56:17  - [ DEBUG ]  org.apache.http.impl.conn.DefaultClientConnection.receiveResponseHeader(DefaultClientConnection.java:259) org.apache.http.impl.conn.DefaultClientConnection main - Receiving response: HTTP/1.1 200 OK 
2020-12-21 16:56:17  - [ DEBUG ]  org.apache.http.impl.conn.DefaultClientConnection.receiveResponseHeader(DefaultClientConnection.java:262) org.apache.http.headers main - << HTTP/1.1 200 OK 
2020-12-21 16:56:17  - [ DEBUG ]  org.apache.http.impl.conn.DefaultClientConnection.receiveResponseHeader(DefaultClientConnection.java:265) org.apache.http.headers main - << Server: nginx 
2020-12-21 16:56:17  - [ DEBUG ]  org.apache.http.impl.conn.DefaultClientConnection.receiveResponseHeader(DefaultClientConnection.java:265) org.apache.http.headers main - << Date: Mon, 21 Dec 2020 08:56:17 GMT 
2020-12-21 16:56:17  - [ DEBUG ]  org.apache.http.impl.conn.DefaultClientConnection.receiveResponseHeader(DefaultClientConnection.java:265) org.apache.http.headers main - << Content-Type: application/json; charset=UTF-8 
2020-12-21 16:56:17  - [ DEBUG ]  org.apache.http.impl.conn.DefaultClientConnection.receiveResponseHeader(DefaultClientConnection.java:265) org.apache.http.headers main - << Content-Length: 277 
2020-12-21 16:56:17  - [ DEBUG ]  org.apache.http.impl.conn.DefaultClientConnection.receiveResponseHeader(DefaultClientConnection.java:265) org.apache.http.headers main - << Connection: keep-alive 
2020-12-21 16:56:17  - [ DEBUG ]  org.apache.http.impl.conn.DefaultClientConnection.receiveResponseHeader(DefaultClientConnection.java:265) org.apache.http.headers main - << Error-Code: 0 
2020-12-21 16:56:17  - [ DEBUG ]  org.apache.http.impl.conn.DefaultClientConnection.receiveResponseHeader(DefaultClientConnection.java:265) org.apache.http.headers main - << Error-Msg: ok 
2020-12-21 16:56:17  - [ DEBUG ]  org.apache.http.impl.client.DefaultRequestDirector.execute(DefaultRequestDirector.java:509) org.apache.http.impl.client.DefaultHttpClient main - Connection can be kept alive indefinitely 
2020-12-21 16:56:17  - [ DEBUG ]  io.restassured.internal.http.HTTPBuilder.parseResponse(HTTPBuilder.java:545) io.restassured.internal.RequestSpecificationImpl$RestAssuredHttpBuilder main - Parsing response as: application/json; charset=UTF-8 
2020-12-21 16:56:17  - [ DEBUG ]  io.restassured.internal.http.HTTPBuilder.parseResponse(HTTPBuilder.java:548) io.restassured.internal.RequestSpecificationImpl$RestAssuredHttpBuilder main - Parsed data to instance of: class org.apache.http.conn.EofSensorInputStream 
2020-12-21 16:56:18  - [ DEBUG ]  org.apache.http.impl.conn.Wire.wire(Wire.java:87) org.apache.http.wire main -  << "{"errcode":0,"errmsg":"ok","access_token":"GfCMdjADht8d0n7f6xDQwdpnl1lb_Fh7oB0HzLDHyuN1fAhwIGoPmw4D1TTjDA98yxWNBuhz6P1ygn1IWZ49-_0xP_tmh8jN97yYdZZFniTPmggM-EKKUgoCqTVEdfZWZZLunPj9yK54ybtgL_OdVjJ-JkItPCs7kB9erAo3IeT2w6GU_w6g03OiOmbzEDkMbA983j7_NdDDCqoEFbbEpA","expires_in":7200}" 
2020-12-21 16:56:18  - [ DEBUG ]  org.apache.http.impl.conn.BasicClientConnectionManager.releaseConnection(BasicClientConnectionManager.java:200) org.apache.http.impl.conn.BasicClientConnectionManager main - Releasing connection org.apache.http.impl.conn.ManagedClientConnectionImpl@2b289ac9 
2020-12-21 16:56:18  - [ DEBUG ]  org.apache.http.impl.conn.BasicClientConnectionManager.releaseConnection(BasicClientConnectionManager.java:225) org.apache.http.impl.conn.BasicClientConnectionManager main - Connection can be kept alive indefinitely 
2020-12-21 16:56:35  - [ INFO ]  com.wework.utils.LogUtils.i(LogUtils.java:30) TEST main - GfCMdjADht8d0n7f6xDQwdpnl1lb_Fh7oB0HzLDHyuN1fAhwIGoPmw4D1TTjDA98yxWNBuhz6P1ygn1IWZ49-_0xP_tmh8jN97yYdZZFniTPmggM-EKKUgoCqTVEdfZWZZLunPj9yK54ybtgL_OdVjJ-JkItPCs7kB9erAo3IeT2w6GU_w6g03OiOmbzEDkMbA983j7_NdDDCqoEFbbEpA 
